c:\users\devmi\source\repos\woodenpbrengine2\woodenpbrengine\x64\release\vc141.pdb
c:\users\devmi\source\repos\woodenpbrengine2\woodenpbrengine\x64\release\cspectrumsampled.obj
c:\users\devmi\source\repos\woodenpbrengine2\woodenpbrengine\x64\release\cscylinder.obj
c:\users\devmi\source\repos\woodenpbrengine2\woodenpbrengine\x64\release\coefficientspectrum.obj
c:\users\devmi\source\repos\woodenpbrengine2\woodenpbrengine\x64\release\cbsdfconductormicroface.obj
c:\users\devmi\source\repos\woodenpbrengine2\woodenpbrengine\x64\release\doptions.obj
c:\users\devmi\source\repos\woodenpbrengine2\woodenpbrengine\x64\release\main.obj
c:\users\devmi\source\repos\woodenpbrengine2\woodenpbrengine\x64\release\mengine.obj
c:\users\devmi\source\repos\woodenpbrengine2\woodenpbrengine\x64\release\lodepng.obj
c:\users\devmi\source\repos\woodenpbrengine2\woodenpbrengine\x64\release\ctexture.obj
c:\users\devmi\source\repos\woodenpbrengine2\woodenpbrengine\x64\release\cstrianglemesh.obj
c:\users\devmi\source\repos\woodenpbrengine2\woodenpbrengine\x64\release\cstriangle.obj
c:\users\devmi\source\repos\woodenpbrengine2\woodenpbrengine\x64\release\cssphere.obj
c:\users\devmi\source\repos\woodenpbrengine2\woodenpbrengine\x64\release\cssamplerstratified.obj
c:\users\devmi\source\repos\woodenpbrengine2\woodenpbrengine\x64\release\cscameraprojective.obj
c:\users\devmi\source\repos\woodenpbrengine2\woodenpbrengine\x64\release\cscameraperspective.obj
c:\users\devmi\source\repos\woodenpbrengine2\woodenpbrengine\x64\release\csampler.obj
c:\users\devmi\source\repos\woodenpbrengine2\woodenpbrengine\x64\release\craydifferential.obj
c:\users\devmi\source\repos\woodenpbrengine2\woodenpbrengine\x64\release\cray.obj
c:\users\devmi\source\repos\woodenpbrengine2\woodenpbrengine\x64\release\cmaterialmatte.obj
c:\users\devmi\source\repos\woodenpbrengine2\woodenpbrengine\x64\release\cmaterial.obj
c:\users\devmi\source\repos\woodenpbrengine2\woodenpbrengine\x64\release\clight.obj
c:\users\devmi\source\repos\woodenpbrengine2\woodenpbrengine\x64\release\cfilm.obj
c:\users\devmi\source\repos\woodenpbrengine2\woodenpbrengine\x64\release\ccentroid.obj
c:\users\devmi\source\repos\woodenpbrengine2\woodenpbrengine\x64\release\cbxdf.obj
c:\users\devmi\source\repos\woodenpbrengine2\woodenpbrengine\x64\release\cbsdf.obj
c:\users\devmi\source\repos\woodenpbrengine2\woodenpbrengine\x64\release\cbounds.obj
c:\users\devmi\source\repos\woodenpbrengine2\woodenpbrengine\x64\release\canimatedtransform.obj
c:\users\devmi\source\repos\woodenpbrengine2\woodenpbrengine\x64\release\sscattering.obj
c:\users\devmi\source\repos\woodenpbrengine2\woodenpbrengine\x64\release\slbvh.obj
c:\users\devmi\source\repos\woodenpbrengine2\woodenpbrengine\x64\release\mparser.obj
c:\users\devmi\source\repos\woodenpbrengine2\woodenpbrengine\x64\release\microfacedistr.obj
c:\users\devmi\source\repos\woodenpbrengine2\woodenpbrengine\x64\release\ctransform.obj
c:\users\devmi\source\repos\woodenpbrengine2\woodenpbrengine\x64\release\ctexturemapping.obj
c:\users\devmi\source\repos\woodenpbrengine2\woodenpbrengine\x64\release\csufraceinteraction.obj
c:\users\devmi\source\repos\woodenpbrengine2\woodenpbrengine\x64\release\cspectrum.obj
c:\users\devmi\source\repos\woodenpbrengine2\woodenpbrengine\x64\release\ccamera.obj
c:\users\devmi\source\repos\woodenpbrengine2\woodenpbrengine\x64\release\csfilm.obj
c:\users\devmi\source\repos\woodenpbrengine2\woodenpbrengine\x64\release\cssampler.obj
c:\users\devmi\source\repos\woodenpbrengine2\woodenpbrengine\x64\release\cmaterialmetal.obj
c:\users\devmi\source\repos\woodenpbrengine2\woodenpbrengine\x64\release\cmaterialglass.obj
c:\users\devmi\source\repos\woodenpbrengine2\woodenpbrengine\x64\release\cbsdfspecularreflectance.obj
c:\users\devmi\source\repos\woodenpbrengine2\woodenpbrengine\x64\release\cmaterialperfectglass.obj
c:\users\devmi\source\repos\woodenpbrengine2\woodenpbrengine\x64\release\cmaterialdieletric.obj
c:\users\devmi\source\repos\woodenpbrengine2\woodenpbrengine\x64\release\cbsdfdielectricmicroface.obj
c:\users\devmi\source\repos\woodenpbrengine2\woodenpbrengine\x64\release\woodenpbrengine.pch
c:\users\devmi\source\repos\woodenpbrengine2\woodenpbrengine\x64\release\pch.obj
c:\users\devmi\source\repos\woodenpbrengine2\woodenpbrengine\x64\release\woodenpbrengine.exe
c:\users\devmi\source\repos\woodenpbrengine2\woodenpbrengine\x64\release\woodenpbrengine.pdb
c:\users\devmi\source\repos\woodenpbrengine2\woodenpbrengine\x64\release\woodenpbrengine.ipdb
c:\users\devmi\source\repos\woodenpbrengine2\woodenpbrengine\x64\release\woodenpbrengine.iobj
c:\users\devmi\source\repos\woodenpbrengine2\woodenpbrengine\x64\release\woodenpbrengine.tlog\cl.command.1.tlog
c:\users\devmi\source\repos\woodenpbrengine2\woodenpbrengine\x64\release\woodenpbrengine.tlog\cl.read.1.tlog
c:\users\devmi\source\repos\woodenpbrengine2\woodenpbrengine\x64\release\woodenpbrengine.tlog\cl.write.1.tlog
c:\users\devmi\source\repos\woodenpbrengine2\woodenpbrengine\x64\release\woodenpbrengine.tlog\link.command.1.tlog
c:\users\devmi\source\repos\woodenpbrengine2\woodenpbrengine\x64\release\woodenpbrengine.tlog\link.read.1.tlog
c:\users\devmi\source\repos\woodenpbrengine2\woodenpbrengine\x64\release\woodenpbrengine.tlog\link.write.1.tlog
c:\users\devmi\source\repos\woodenpbrengine2\woodenpbrengine\x64\release\woodenpbrengine.tlog\woodenpbrengine.write.1u.tlog
