c:\users\devmi\source\repos\woodenpbrengine2\woodenpbrengine\x64\debug\woodenpbrengine.pch
c:\users\devmi\source\repos\woodenpbrengine2\woodenpbrengine\x64\debug\vc141.pdb
c:\users\devmi\source\repos\woodenpbrengine2\woodenpbrengine\x64\debug\vc141.idb
c:\users\devmi\source\repos\woodenpbrengine2\woodenpbrengine\x64\debug\pch.obj
c:\users\devmi\source\repos\woodenpbrengine2\woodenpbrengine\x64\debug\csampler.obj
c:\users\devmi\source\repos\woodenpbrengine2\woodenpbrengine\x64\debug\craydifferential.obj
c:\users\devmi\source\repos\woodenpbrengine2\woodenpbrengine\x64\debug\cray.obj
c:\users\devmi\source\repos\woodenpbrengine2\woodenpbrengine\x64\debug\coefficientspectrum.obj
c:\users\devmi\source\repos\woodenpbrengine2\woodenpbrengine\x64\debug\cmaterialmetal.obj
c:\users\devmi\source\repos\woodenpbrengine2\woodenpbrengine\x64\debug\cmaterialperfectglass.obj
c:\users\devmi\source\repos\woodenpbrengine2\woodenpbrengine\x64\debug\cmaterialglass.obj
c:\users\devmi\source\repos\woodenpbrengine2\woodenpbrengine\x64\debug\cmaterialdieletric.obj
c:\users\devmi\source\repos\woodenpbrengine2\woodenpbrengine\x64\debug\cmaterial.obj
c:\users\devmi\source\repos\woodenpbrengine2\woodenpbrengine\x64\debug\clight.obj
c:\users\devmi\source\repos\woodenpbrengine2\woodenpbrengine\x64\debug\cfilm.obj
c:\users\devmi\source\repos\woodenpbrengine2\woodenpbrengine\x64\debug\ccentroid.obj
c:\users\devmi\source\repos\woodenpbrengine2\woodenpbrengine\x64\debug\ccamera.obj
c:\users\devmi\source\repos\woodenpbrengine2\woodenpbrengine\x64\debug\cbxdf.obj
c:\users\devmi\source\repos\woodenpbrengine2\woodenpbrengine\x64\debug\cbsdfspecularreflectance.obj
c:\users\devmi\source\repos\woodenpbrengine2\woodenpbrengine\x64\debug\cbsdfdielectricmicroface.obj
c:\users\devmi\source\repos\woodenpbrengine2\woodenpbrengine\x64\debug\cbsdfconductormicroface.obj
c:\users\devmi\source\repos\woodenpbrengine2\woodenpbrengine\x64\debug\cbsdf.obj
c:\users\devmi\source\repos\woodenpbrengine2\woodenpbrengine\x64\debug\cbounds.obj
c:\users\devmi\source\repos\woodenpbrengine2\woodenpbrengine\x64\debug\canimatedtransform.obj
c:\users\devmi\source\repos\woodenpbrengine2\woodenpbrengine\x64\debug\main.obj
c:\users\devmi\source\repos\woodenpbrengine2\woodenpbrengine\x64\debug\mparser.obj
c:\users\devmi\source\repos\woodenpbrengine2\woodenpbrengine\x64\debug\microfacedistr.obj
c:\users\devmi\source\repos\woodenpbrengine2\woodenpbrengine\x64\debug\mengine.obj
c:\users\devmi\source\repos\woodenpbrengine2\woodenpbrengine\x64\debug\lodepng.obj
c:\users\devmi\source\repos\woodenpbrengine2\woodenpbrengine\x64\debug\ctransform.obj
c:\users\devmi\source\repos\woodenpbrengine2\woodenpbrengine\x64\debug\ctexturemapping.obj
c:\users\devmi\source\repos\woodenpbrengine2\woodenpbrengine\x64\debug\ctexture.obj
c:\users\devmi\source\repos\woodenpbrengine2\woodenpbrengine\x64\debug\csufraceinteraction.obj
c:\users\devmi\source\repos\woodenpbrengine2\woodenpbrengine\x64\debug\cstrianglemesh.obj
c:\users\devmi\source\repos\woodenpbrengine2\woodenpbrengine\x64\debug\cstriangle.obj
c:\users\devmi\source\repos\woodenpbrengine2\woodenpbrengine\x64\debug\cssphere.obj
c:\users\devmi\source\repos\woodenpbrengine2\woodenpbrengine\x64\debug\cssamplerstratified.obj
c:\users\devmi\source\repos\woodenpbrengine2\woodenpbrengine\x64\debug\cssampler.obj
c:\users\devmi\source\repos\woodenpbrengine2\woodenpbrengine\x64\debug\cspectrumsampled.obj
c:\users\devmi\source\repos\woodenpbrengine2\woodenpbrengine\x64\debug\cspectrum.obj
c:\users\devmi\source\repos\woodenpbrengine2\woodenpbrengine\x64\debug\csfilm.obj
c:\users\devmi\source\repos\woodenpbrengine2\woodenpbrengine\x64\debug\cscylinder.obj
c:\users\devmi\source\repos\woodenpbrengine2\woodenpbrengine\x64\debug\cscameraprojective.obj
c:\users\devmi\source\repos\woodenpbrengine2\woodenpbrengine\x64\debug\cscameraperspective.obj
c:\users\devmi\source\repos\woodenpbrengine2\woodenpbrengine\x64\debug\sscattering.obj
c:\users\devmi\source\repos\woodenpbrengine2\woodenpbrengine\x64\debug\slbvh.obj
c:\users\devmi\source\repos\woodenpbrengine2\woodenpbrengine\x64\debug\doptions.obj
c:\users\devmi\source\repos\woodenpbrengine2\woodenpbrengine\x64\debug\woodenpbrengine.exe
c:\users\devmi\source\repos\woodenpbrengine2\woodenpbrengine\x64\debug\woodenpbrengine.ilk
c:\users\devmi\source\repos\woodenpbrengine2\woodenpbrengine\x64\debug\woodenpbrengine.pdb
c:\users\devmi\source\repos\woodenpbrengine2\woodenpbrengine\x64\debug\woodenallocators.pdb
c:\users\devmi\source\repos\woodenpbrengine2\woodenpbrengine\x64\debug\woodenecs.pdb
c:\users\devmi\source\repos\woodenpbrengine2\woodenpbrengine\x64\debug\woodenmathlibrarry.pdb
c:\users\devmi\source\repos\woodenpbrengine2\woodenpbrengine\x64\debug\woodenpbrengine.tlog\cl.command.1.tlog
c:\users\devmi\source\repos\woodenpbrengine2\woodenpbrengine\x64\debug\woodenpbrengine.tlog\cl.read.1.tlog
c:\users\devmi\source\repos\woodenpbrengine2\woodenpbrengine\x64\debug\woodenpbrengine.tlog\cl.write.1.tlog
c:\users\devmi\source\repos\woodenpbrengine2\woodenpbrengine\x64\debug\woodenpbrengine.tlog\link.command.1.tlog
c:\users\devmi\source\repos\woodenpbrengine2\woodenpbrengine\x64\debug\woodenpbrengine.tlog\link.read.1.tlog
c:\users\devmi\source\repos\woodenpbrengine2\woodenpbrengine\x64\debug\woodenpbrengine.tlog\link.write.1.tlog
